<?xml version="1.0" encoding="UTF-8"?>
<!-- Generated by org.testng.reporters.JUnitReportReporter -->
<testsuite skipped="0" hostname="shital-PC" name="mavent1m1.IMP" tests="1" failures="0" timestamp="19 Dec 2018 07:41:52 GMT" time="47.251" errors="0">
  <testcase name="finaltest" time="47.251" classname="mavent1m1.IMP"/>
</testsuite> <!-- mavent1m1.IMP -->
