<?xml version="1.0" encoding="UTF-8"?>
<!-- Generated by org.testng.reporters.JUnitReportReporter -->
<testsuite skipped="0" hostname="shital-PC" name="mavent1m1.m2" tests="1" failures="0" timestamp="07 Dec 2018 11:05:32 GMT" time="0.013" errors="0">
  <testcase name="test" time="0.013" classname="mavent1m1.m2"/>
</testsuite> <!-- mavent1m1.m2 -->
