<?xml version="1.0" encoding="UTF-8"?>
<!-- Generated by org.testng.reporters.JUnitReportReporter -->
<testsuite hostname="shital-PC" name="mavent1m1.IMP" tests="1" failures="0" timestamp="19 Dec 2018 07:55:12 GMT" time="35.557" errors="0">
  <testcase name="finaltest" time="35.557" classname="mavent1m1.IMP"/>
</testsuite>
